<?xml version="1.0" encoding="UTF-8"?>
<!-- Generated by org.testng.reporters.JUnitXMLReporter -->
<testsuite ignored="0" hostname="MSI" failures="0" tests="4" name="Default test" time="0.08" errors="0" timestamp="2022-05-25T08:43:18 IST">
  <testcase classname="com.testNG.DataProviderDemo" name="test1" time="0.01"/>
  <testcase classname="com.testNG.DataProviderDemo" name="test1" time="0.001"/>
  <testcase classname="com.testNG.DataProviderDemo" name="test1" time="0.001"/>
  <testcase classname="com.testNG.DataProviderDemo" name="test1" time="0.001"/>
</testsuite> <!-- Default test -->
