<?xml version="1.0" encoding="UTF-8"?>
<!-- Generated by org.testng.reporters.JUnitXMLReporter -->
<testsuite ignored="0" hostname="MSI" failures="0" tests="4" name="Default test" time="0.061" errors="0" timestamp="2022-05-22T12:00:25 IST">
  <testcase classname="com.testNG.TestNGDemo" name="test4" time="0.006"/>
  <testcase classname="com.testNG.TestNGDemo" name="Test3" time="0.001"/>
  <testcase classname="com.testNG.TestNGDemo" name="Test2" time="0.001"/>
  <testcase classname="com.testNG.TestNGDemo" name="Test1" time="0.001"/>
</testsuite> <!-- Default test -->
