<?xml version="1.0" encoding="UTF-8"?>
<testng-results ignored="0" total="4" passed="4" failed="0" skipped="0">
  <reporter-output>
  </reporter-output>
  <suite started-at="2022-05-22T12:00:25 IST" name="Default suite" finished-at="2022-05-22T12:00:25 IST" duration-ms="61">
    <groups>
    </groups>
    <test started-at="2022-05-22T12:00:25 IST" name="Default test" finished-at="2022-05-22T12:00:25 IST" duration-ms="61">
      <class name="com.testNG.TestNGDemo">
        <test-method signature="test4()[pri:0, instance:com.testNG.TestNGDemo@6392827e]" started-at="2022-05-22T12:00:25 IST" name="test4" finished-at="2022-05-22T12:00:25 IST" duration-ms="6" status="PASS">
          <reporter-output>
          </reporter-output>
        </test-method> <!-- test4 -->
        <test-method signature="Test3()[pri:1, instance:com.testNG.TestNGDemo@6392827e]" started-at="2022-05-22T12:00:25 IST" name="Test3" finished-at="2022-05-22T12:00:25 IST" duration-ms="1" status="PASS">
          <reporter-output>
          </reporter-output>
        </test-method> <!-- Test3 -->
        <test-method signature="Test2()[pri:2, instance:com.testNG.TestNGDemo@6392827e]" started-at="2022-05-22T12:00:25 IST" name="Test2" finished-at="2022-05-22T12:00:25 IST" duration-ms="1" status="PASS">
          <reporter-output>
          </reporter-output>
        </test-method> <!-- Test2 -->
        <test-method signature="Test1()[pri:3, instance:com.testNG.TestNGDemo@6392827e]" started-at="2022-05-22T12:00:25 IST" name="Test1" finished-at="2022-05-22T12:00:25 IST" duration-ms="1" status="PASS">
          <reporter-output>
          </reporter-output>
        </test-method> <!-- Test1 -->
      </class> <!-- com.testNG.TestNGDemo -->
    </test> <!-- Default test -->
  </suite> <!-- Default suite -->
</testng-results>
