<?xml version="1.0" encoding="UTF-8"?>
<!-- Generated by org.testng.reporters.JUnitXMLReporter -->
<testsuite ignored="0" hostname="MSI" failures="0" tests="3" name="Test" time="11.29" errors="0" timestamp="2022-05-22T11:55:39 IST">
  <testcase classname="com.testNG.ParallelExecution" name="Test1" time="3.866"/>
  <testcase classname="com.testNG.ParallelExecution" name="Test3" time="7.591"/>
  <testcase classname="com.testNG.ParallelExecution" name="Test2" time="11.243"/>
</testsuite> <!-- Test -->
