<?xml version="1.0" encoding="UTF-8"?>
<!-- Generated by org.testng.reporters.JUnitXMLReporter -->
<testsuite ignored="0" hostname="MSI" failures="0" tests="3" name="Test" time="12.009" errors="0" timestamp="2022-05-25T08:56:01 IST">
  <testcase classname="com.testNG.ParallelExecution" name="Test1" time="5.069"/>
  <testcase classname="com.testNG.ParallelExecution" name="Test3" time="11.659"/>
  <testcase classname="com.testNG.ParallelExecution" name="Test2" time="12.0"/>
</testsuite> <!-- Test -->
